2021-12-03 15:34:33 - INFO - "GET / HTTP/1.1" 200 1219
2021-12-03 15:34:33 - INFO - "GET /static/style.css HTTP/1.1" 200 648
2021-12-03 16:33:56 - INFO - "GET / HTTP/1.1" 200 1219
2021-12-03 16:33:56 - INFO - "GET /static/style.css HTTP/1.1" 304 0
2021-12-03 16:33:56 - INFO - "GET / HTTP/1.1" 200 1219
2021-12-03 16:33:56 - WARNING - "GET /turtle HTTP/1.1" 404 1536
2021-12-03 16:33:56 - INFO - "GET /todos HTTP/1.1" 200 433
2021-12-03 16:33:56 - INFO - "GET /todos/1 HTTP/1.1" 200 147
2021-12-03 16:33:56 - INFO - "GET /todos/2 HTTP/1.1" 200 139
2021-12-03 16:33:56 - INFO - "GET /todos/3 HTTP/1.1" 200 141
2021-12-03 16:43:48 - INFO - "GET /todos/3 HTTP/1.1" 200 141
2021-12-03 16:43:48 - INFO - "GET /todos HTTP/1.1" 200 433
2021-12-03 16:43:48 - INFO - "GET /todos HTTP/1.1" 200 433
2021-12-03 16:43:48 - INFO - "GET /todos HTTP/1.1" 200 433
2021-12-03 16:43:48 - INFO - "GET /todos HTTP/1.1" 200 433
2021-12-03 16:43:48 - INFO - "GET /todos HTTP/1.1" 200 433
2021-12-03 16:43:48 - INFO - "POST /todos HTTP/1.1" 200 144
2021-12-03 16:43:48 - INFO - "GET /todos HTTP/1.1" 200 579
2021-12-03 16:43:48 - INFO - "POST /todos HTTP/1.1" 200 141
2021-12-03 16:43:48 - INFO - "POST /todos HTTP/1.1" 200 141
2021-12-03 16:43:48 - INFO - "GET /todos HTTP/1.1" 200 865
2021-12-03 16:49:26 - INFO - "GET /todos HTTP/1.1" 200 865
2021-12-03 16:49:26 - INFO - "GET /todos/1 HTTP/1.1" 200 147
2021-12-03 16:49:26 - INFO - "PUT /todos/1 HTTP/1.1" 200 146
2021-12-03 16:49:26 - INFO - "GET /todos HTTP/1.1" 200 862
2021-12-03 16:49:26 - INFO - "GET /todos HTTP/1.1" 200 862
2021-12-03 16:49:26 - INFO - "PUT /todos/1 HTTP/1.1" 200 149
2021-12-03 16:49:26 - INFO - "GET /todos HTTP/1.1" 200 865
2021-12-03 16:49:26 - INFO - "GET /todos HTTP/1.1" 200 865
2021-12-03 16:49:26 - INFO - "GET /todos/3 HTTP/1.1" 200 141
2021-12-03 16:49:26 - INFO - "GET /todos HTTP/1.1" 200 865
2021-12-03 16:49:26 - INFO - "GET /todos HTTP/1.1" 200 865
2021-12-03 16:49:26 - INFO - "PUT /todos/3 HTTP/1.1" 200 154
2021-12-03 16:49:26 - INFO - "GET /todos HTTP/1.1" 200 876
2021-12-03 16:51:50 - INFO - "GET /todos/3 HTTP/1.1" 200 152
2021-12-03 16:51:50 - INFO - "POST /todos HTTP/1.1" 200 145
2021-12-03 16:51:50 - INFO - "GET /todos HTTP/1.1" 200 1023
2021-12-03 16:51:50 - INFO - "GET /todos HTTP/1.1" 200 1023
2021-12-03 16:51:50 - INFO - "GET /todos/7 HTTP/1.1" 200 145
2021-12-03 16:51:50 - INFO - "GET /todos HTTP/1.1" 200 1023
2021-12-03 16:51:50 - INFO - "PUT /todos/7 HTTP/1.1" 200 145
2021-12-03 16:51:50 - INFO - "GET /todos HTTP/1.1" 200 1021
2021-12-03 16:51:50 - INFO - "PUT /todos/7 HTTP/1.1" 200 145
2021-12-03 16:51:50 - INFO - "GET /todos HTTP/1.1" 200 1021
2021-12-03 16:51:50 - WARNING - "DELETE /todos/7 HTTP/1.1" 404 1536
2021-12-03 16:51:50 - INFO - "GET /todos HTTP/1.1" 200 1021
2021-12-03 16:54:11 - INFO - "GET /todos/7 HTTP/1.1" 200 143
2021-12-03 16:54:11 - INFO - "DELETE /todos/7 HTTP/1.1" 200 145
2021-12-03 16:54:11 - INFO - "GET /todos HTTP/1.1" 200 876
2021-12-03 16:54:11 - INFO - "GET /todos HTTP/1.1" 200 876
2021-12-03 16:54:11 - INFO - "GET /todos HTTP/1.1" 200 876
2021-12-03 16:54:11 - INFO - "GET /todos HTTP/1.1" 200 876
2021-12-03 16:54:11 - INFO - "POST /todos HTTP/1.1" 200 143
2021-12-03 16:54:11 - INFO - "GET /todos HTTP/1.1" 200 1021
2021-12-03 16:54:11 - INFO - "GET /todos HTTP/1.1" 200 1021
2021-12-03 16:54:11 - WARNING - "PUT /todos HTTP/1.1" 405 1554
2021-12-03 16:54:11 - INFO - "GET /todos HTTP/1.1" 200 1021
2021-12-03 16:54:11 - INFO - "PUT /todos/7 HTTP/1.1" 200 146
2021-12-03 16:54:11 - INFO - "GET /todos HTTP/1.1" 200 1022
2021-12-03 16:54:11 - INFO - "GET /todos HTTP/1.1" 200 1022
2021-12-03 16:54:11 - INFO - "DELETE /todos/7 HTTP/1.1" 200 146
2021-12-03 16:54:11 - INFO - "GET /todos HTTP/1.1" 200 876
2021-12-03 16:54:11 - INFO - "GET /todos HTTP/1.1" 200 876
2021-12-03 16:54:11 - INFO - "DELETE /todos/7 HTTP/1.1" 200 2
2021-12-03 16:54:11 - INFO - "GET /todos HTTP/1.1" 200 876
2021-12-03 16:54:11 - INFO - "GET /todos HTTP/1.1" 200 876
2021-12-03 16:54:11 - INFO - "GET /todos HTTP/1.1" 200 876
2021-12-03 16:54:11 - INFO - "GET /todos HTTP/1.1" 200 876
2021-12-03 16:54:11 - INFO - "GET /todos HTTP/1.1" 200 876
2021-12-03 16:54:11 - INFO - "POST /todos HTTP/1.1" 200 144
2021-12-03 16:54:11 - INFO - "GET /todos HTTP/1.1" 200 1022
2021-12-03 16:54:11 - INFO - "GET /todos HTTP/1.1" 200 1022
2021-12-03 16:54:11 - WARNING - "PUT /todos HTTP/1.1" 405 1554
2021-12-03 16:54:11 - INFO - "GET /todos HTTP/1.1" 200 1022
2021-12-03 16:54:11 - INFO - "PUT /todos/7 HTTP/1.1" 200 157
2021-12-03 16:54:11 - INFO - "GET /todos HTTP/1.1" 200 1033
2021-12-03 16:54:11 - INFO - "GET /todos HTTP/1.1" 200 1033
2021-12-03 16:54:11 - INFO - "POST /todos HTTP/1.1" 200 150
2021-12-03 16:54:11 - INFO - "GET /todos HTTP/1.1" 200 1185
2021-12-03 16:54:11 - INFO - "GET /todos HTTP/1.1" 200 1185
2021-12-03 16:54:11 - INFO - "DELETE /todos/8 HTTP/1.1" 200 152
2021-12-03 16:54:11 - INFO - "GET /todos HTTP/1.1" 200 1033
